This is pdfTeX, Version 3.1415926-1.40.10 (TeX Live 2009/Debian) (format=pdflatex 2011.10.17)  12 DEC 2011 04:01
entering extended mode
 Source specials enabled.
 %&-line parsing enabled.
**document.tex
(./document.tex
LaTeX2e <2009/09/24>
Babel <v3.8l> and hyphenation patterns for english, usenglishmax, dumylang, noh
yphenation, farsi, arabic, croatian, bulgarian, ukrainian, russian, czech, slov
ak, danish, dutch, finnish, french, basque, ngerman, german, german-x-2009-06-1
9, ngerman-x-2009-06-19, ibycus, monogreek, greek, ancientgreek, hungarian, san
skrit, italian, latin, latvian, lithuanian, mongolian2a, mongolian, bokmal, nyn
orsk, romanian, irish, coptic, serbian, turkish, welsh, esperanto, uppersorbian
, estonian, indonesian, interlingua, icelandic, kurmanji, slovenian, polish, po
rtuguese, spanish, galician, catalan, swedish, ukenglish, pinyin, loaded.
(./aghdpl.cls *** [aghdpl.cls] --- (MSz, GJN) v0.22 <05.04.2011> ***
Document Class: aghdpl 
(/usr/share/texmf-texlive/tex/latex/base/report.cls
Document Class: report 2007/10/19 v1.4h Standard LaTeX document class
(/usr/share/texmf-texlive/tex/latex/base/size11.clo
File: size11.clo 2007/10/19 v1.4h Standard LaTeX file (size option)
)
\c@part=\count79
\c@chapter=\count80
\c@section=\count81
\c@subsection=\count82
\c@subsubsection=\count83
\c@paragraph=\count84
\c@subparagraph=\count85
\c@figure=\count86
\c@table=\count87
\abovecaptionskip=\skip41
\belowcaptionskip=\skip42
\bibindent=\dimen102
)
(/usr/share/texmf-texlive/tex/latex/psnfss/times.sty
Package: times 2005/04/12 PSNFSS-v9.2a (SPQR) 
)
(/usr/share/texmf-texlive/tex/latex/base/fontenc.sty
Package: fontenc 2005/09/27 v1.99g Standard LaTeX package

(/usr/share/texmf-texlive/tex/latex/base/t1enc.def
File: t1enc.def 2005/09/27 v1.99g Standard LaTeX file
LaTeX Font Info:    Redeclaring font encoding T1 on input line 43.
))
(/usr/share/texmf-texlive/tex/latex/graphics/graphicx.sty
Package: graphicx 1999/02/16 v1.0f Enhanced LaTeX Graphics (DPC,SPQR)

(/usr/share/texmf-texlive/tex/latex/graphics/keyval.sty
Package: keyval 1999/03/16 v1.13 key=value parser (DPC)
\KV@toks@=\toks14
)
(/usr/share/texmf-texlive/tex/latex/graphics/graphics.sty
Package: graphics 2009/02/05 v1.0o Standard LaTeX Graphics (DPC,SPQR)

(/usr/share/texmf-texlive/tex/latex/graphics/trig.sty
Package: trig 1999/03/16 v1.09 sin cos tan (DPC)
)
(/etc/texmf/tex/latex/config/graphics.cfg
File: graphics.cfg 2009/08/28 v1.8 graphics configuration of TeX Live
)
Package graphics Info: Driver file: pdftex.def on input line 91.

(/usr/share/texmf-texlive/tex/latex/pdftex-def/pdftex.def
File: pdftex.def 2010/03/12 v0.04p Graphics/color for pdfTeX
\Gread@gobject=\count88
))
\Gin@req@height=\dimen103
\Gin@req@width=\dimen104
)
(/usr/share/texmf-texlive/tex/latex/geometry/geometry.sty
Package: geometry 2008/12/21 v4.2 Page Geometry

(/usr/share/texmf-texlive/tex/generic/oberdiek/ifpdf.sty
Package: ifpdf 2009/04/10 v2.0 Provides the ifpdf switch (HO)
Package ifpdf Info: pdfTeX in pdf mode detected.
)
(/usr/share/texmf-texlive/tex/generic/oberdiek/ifvtex.sty
Package: ifvtex 2008/11/04 v1.4 Switches for detecting VTeX and its modes (HO)
Package ifvtex Info: VTeX not detected.
)
\Gm@cnth=\count89
\Gm@cntv=\count90
\c@Gm@tempcnt=\count91
\Gm@bindingoffset=\dimen105
\Gm@wd@mp=\dimen106
\Gm@odd@mp=\dimen107
\Gm@even@mp=\dimen108
\Gm@dimlist=\toks15

(/usr/share/texmf-texlive/tex/xelatex/xetexconfig/geometry.cfg))
(/usr/share/texmf-texlive/tex/latex/graphics/color.sty
Package: color 2005/11/14 v1.0j Standard LaTeX Color (DPC)

(/etc/texmf/tex/latex/config/color.cfg
File: color.cfg 2007/01/18 v1.5 color configuration of teTeX/TeXLive
)
Package color Info: Driver file: pdftex.def on input line 130.

(/usr/share/texmf-texlive/tex/latex/graphics/dvipsnam.def
File: dvipsnam.def 1999/02/16 v3.0i Driver-dependant file (DPC,SPQR)
))
(/usr/share/texmf-texlive/tex/latex/fancyhdr/fancyhdr.sty
\fancy@headwidth=\skip43
\f@ncyO@elh=\skip44
\f@ncyO@erh=\skip45
\f@ncyO@olh=\skip46
\f@ncyO@orh=\skip47
\f@ncyO@elf=\skip48
\f@ncyO@erf=\skip49
\f@ncyO@olf=\skip50
\f@ncyO@orf=\skip51
)
(/usr/share/texmf-texlive/tex/latex/ltxmisc/url.sty
\Urlmuskip=\muskip10
Package: url 2006/04/12  ver 3.3  Verb mode for urls, etc.
)
(/usr/share/texmf-texlive/tex/latex/titlesec/titlesec.sty
Package: titlesec 2007/08/12 v2.8 Sectioning titles
\ttl@box=\box26
\beforetitleunit=\skip52
\aftertitleunit=\skip53
\ttl@plus=\dimen109
\ttl@minus=\dimen110
\ttl@toksa=\toks16
\titlewidth=\dimen111
\titlewidthlast=\dimen112
\titlewidthfirst=\dimen113
)
(/usr/share/texmf-texlive/tex/latex/tocloft/tocloft.sty
Package: tocloft 2009/09/04 v2.3d parameterised ToC, etc., typesetting


Package tocloft Note: The document has chapter divisions.

\cftparskip=\skip54
\cftbeforetoctitleskip=\skip55
\cftaftertoctitleskip=\skip56
\cftbeforepartskip=\skip57
\cftpartnumwidth=\skip58
\cftpartindent=\skip59
\cftbeforechapskip=\skip60
\cftchapindent=\skip61
\cftchapnumwidth=\skip62
\cftbeforesecskip=\skip63
\cftsecindent=\skip64
\cftsecnumwidth=\skip65
\cftbeforesubsecskip=\skip66
\cftsubsecindent=\skip67
\cftsubsecnumwidth=\skip68
\cftbeforesubsubsecskip=\skip69
\cftsubsubsecindent=\skip70
\cftsubsubsecnumwidth=\skip71
\cftbeforeparaskip=\skip72
\cftparaindent=\skip73
\cftparanumwidth=\skip74
\cftbeforesubparaskip=\skip75
\cftsubparaindent=\skip76
\cftsubparanumwidth=\skip77
\cftbeforeloftitleskip=\skip78
\cftafterloftitleskip=\skip79
\cftbeforefigskip=\skip80
\cftfigindent=\skip81
\cftfignumwidth=\skip82
\c@lofdepth=\count92
\c@lotdepth=\count93
\cftbeforelottitleskip=\skip83
\cftafterlottitleskip=\skip84
\cftbeforetabskip=\skip85
\cfttabindent=\skip86
\cfttabnumwidth=\skip87
)
Package color Info: Redefining color Green on input line 31.
 (/usr/share/texmf-texlive/tex/latex/titlesec/block.tss
File: block.tss 2007/08/12
))
(/usr/share/texmf-texlive/tex/latex/base/inputenc.sty
Package: inputenc 2008/03/30 v1.1d Input encoding file
\inpenc@prehook=\toks17
\inpenc@posthook=\toks18

(/usr/share/texmf-texlive/tex/latex/base/utf8.def
File: utf8.def 2008/04/05 v1.1m UTF-8 support for inputenc
Now handling font encoding OML ...
... no UTF-8 mapping file for font encoding OML
Now handling font encoding T1 ...
... processing UTF-8 mapping file for font encoding T1

(/usr/share/texmf-texlive/tex/latex/base/t1enc.dfu
File: t1enc.dfu 2008/04/05 v1.1m UTF-8 support for inputenc
   defining Unicode char U+00A1 (decimal 161)
   defining Unicode char U+00A3 (decimal 163)
   defining Unicode char U+00AB (decimal 171)
   defining Unicode char U+00BB (decimal 187)
   defining Unicode char U+00BF (decimal 191)
   defining Unicode char U+00C0 (decimal 192)
   defining Unicode char U+00C1 (decimal 193)
   defining Unicode char U+00C2 (decimal 194)
   defining Unicode char U+00C3 (decimal 195)
   defining Unicode char U+00C4 (decimal 196)
   defining Unicode char U+00C5 (decimal 197)
   defining Unicode char U+00C6 (decimal 198)
   defining Unicode char U+00C7 (decimal 199)
   defining Unicode char U+00C8 (decimal 200)
   defining Unicode char U+00C9 (decimal 201)
   defining Unicode char U+00CA (decimal 202)
   defining Unicode char U+00CB (decimal 203)
   defining Unicode char U+00CC (decimal 204)
   defining Unicode char U+00CD (decimal 205)
   defining Unicode char U+00CE (decimal 206)
   defining Unicode char U+00CF (decimal 207)
   defining Unicode char U+00D0 (decimal 208)
   defining Unicode char U+00D1 (decimal 209)
   defining Unicode char U+00D2 (decimal 210)
   defining Unicode char U+00D3 (decimal 211)
   defining Unicode char U+00D4 (decimal 212)
   defining Unicode char U+00D5 (decimal 213)
   defining Unicode char U+00D6 (decimal 214)
   defining Unicode char U+00D8 (decimal 216)
   defining Unicode char U+00D9 (decimal 217)
   defining Unicode char U+00DA (decimal 218)
   defining Unicode char U+00DB (decimal 219)
   defining Unicode char U+00DC (decimal 220)
   defining Unicode char U+00DD (decimal 221)
   defining Unicode char U+00DE (decimal 222)
   defining Unicode char U+00DF (decimal 223)
   defining Unicode char U+00E0 (decimal 224)
   defining Unicode char U+00E1 (decimal 225)
   defining Unicode char U+00E2 (decimal 226)
   defining Unicode char U+00E3 (decimal 227)
   defining Unicode char U+00E4 (decimal 228)
   defining Unicode char U+00E5 (decimal 229)
   defining Unicode char U+00E6 (decimal 230)
   defining Unicode char U+00E7 (decimal 231)
   defining Unicode char U+00E8 (decimal 232)
   defining Unicode char U+00E9 (decimal 233)
   defining Unicode char U+00EA (decimal 234)
   defining Unicode char U+00EB (decimal 235)
   defining Unicode char U+00EC (decimal 236)
   defining Unicode char U+00ED (decimal 237)
   defining Unicode char U+00EE (decimal 238)
   defining Unicode char U+00EF (decimal 239)
   defining Unicode char U+00F0 (decimal 240)
   defining Unicode char U+00F1 (decimal 241)
   defining Unicode char U+00F2 (decimal 242)
   defining Unicode char U+00F3 (decimal 243)
   defining Unicode char U+00F4 (decimal 244)
   defining Unicode char U+00F5 (decimal 245)
   defining Unicode char U+00F6 (decimal 246)
   defining Unicode char U+00F8 (decimal 248)
   defining Unicode char U+00F9 (decimal 249)
   defining Unicode char U+00FA (decimal 250)
   defining Unicode char U+00FB (decimal 251)
   defining Unicode char U+00FC (decimal 252)
   defining Unicode char U+00FD (decimal 253)
   defining Unicode char U+00FE (decimal 254)
   defining Unicode char U+00FF (decimal 255)
   defining Unicode char U+0102 (decimal 258)
   defining Unicode char U+0103 (decimal 259)
   defining Unicode char U+0104 (decimal 260)
   defining Unicode char U+0105 (decimal 261)
   defining Unicode char U+0106 (decimal 262)
   defining Unicode char U+0107 (decimal 263)
   defining Unicode char U+010C (decimal 268)
   defining Unicode char U+010D (decimal 269)
   defining Unicode char U+010E (decimal 270)
   defining Unicode char U+010F (decimal 271)
   defining Unicode char U+0110 (decimal 272)
   defining Unicode char U+0111 (decimal 273)
   defining Unicode char U+0118 (decimal 280)
   defining Unicode char U+0119 (decimal 281)
   defining Unicode char U+011A (decimal 282)
   defining Unicode char U+011B (decimal 283)
   defining Unicode char U+011E (decimal 286)
   defining Unicode char U+011F (decimal 287)
   defining Unicode char U+0130 (decimal 304)
   defining Unicode char U+0131 (decimal 305)
   defining Unicode char U+0132 (decimal 306)
   defining Unicode char U+0133 (decimal 307)
   defining Unicode char U+0139 (decimal 313)
   defining Unicode char U+013A (decimal 314)
   defining Unicode char U+013D (decimal 317)
   defining Unicode char U+013E (decimal 318)
   defining Unicode char U+0141 (decimal 321)
   defining Unicode char U+0142 (decimal 322)
   defining Unicode char U+0143 (decimal 323)
   defining Unicode char U+0144 (decimal 324)
   defining Unicode char U+0147 (decimal 327)
   defining Unicode char U+0148 (decimal 328)
   defining Unicode char U+014A (decimal 330)
   defining Unicode char U+014B (decimal 331)
   defining Unicode char U+0150 (decimal 336)
   defining Unicode char U+0151 (decimal 337)
   defining Unicode char U+0152 (decimal 338)
   defining Unicode char U+0153 (decimal 339)
   defining Unicode char U+0154 (decimal 340)
   defining Unicode char U+0155 (decimal 341)
   defining Unicode char U+0158 (decimal 344)
   defining Unicode char U+0159 (decimal 345)
   defining Unicode char U+015A (decimal 346)
   defining Unicode char U+015B (decimal 347)
   defining Unicode char U+015E (decimal 350)
   defining Unicode char U+015F (decimal 351)
   defining Unicode char U+0160 (decimal 352)
   defining Unicode char U+0161 (decimal 353)
   defining Unicode char U+0162 (decimal 354)
   defining Unicode char U+0163 (decimal 355)
   defining Unicode char U+0164 (decimal 356)
   defining Unicode char U+0165 (decimal 357)
   defining Unicode char U+016E (decimal 366)
   defining Unicode char U+016F (decimal 367)
   defining Unicode char U+0170 (decimal 368)
   defining Unicode char U+0171 (decimal 369)
   defining Unicode char U+0178 (decimal 376)
   defining Unicode char U+0179 (decimal 377)
   defining Unicode char U+017A (decimal 378)
   defining Unicode char U+017B (decimal 379)
   defining Unicode char U+017C (decimal 380)
   defining Unicode char U+017D (decimal 381)
   defining Unicode char U+017E (decimal 382)
   defining Unicode char U+200C (decimal 8204)
   defining Unicode char U+2013 (decimal 8211)
   defining Unicode char U+2014 (decimal 8212)
   defining Unicode char U+2018 (decimal 8216)
   defining Unicode char U+2019 (decimal 8217)
   defining Unicode char U+201A (decimal 8218)
   defining Unicode char U+201C (decimal 8220)
   defining Unicode char U+201D (decimal 8221)
   defining Unicode char U+201E (decimal 8222)
   defining Unicode char U+2030 (decimal 8240)
   defining Unicode char U+2031 (decimal 8241)
   defining Unicode char U+2039 (decimal 8249)
   defining Unicode char U+203A (decimal 8250)
   defining Unicode char U+2423 (decimal 9251)
)
Now handling font encoding OT1 ...
... processing UTF-8 mapping file for font encoding OT1

(/usr/share/texmf-texlive/tex/latex/base/ot1enc.dfu
File: ot1enc.dfu 2008/04/05 v1.1m UTF-8 support for inputenc
   defining Unicode char U+00A1 (decimal 161)
   defining Unicode char U+00A3 (decimal 163)
   defining Unicode char U+00B8 (decimal 184)
   defining Unicode char U+00BF (decimal 191)
   defining Unicode char U+00C5 (decimal 197)
   defining Unicode char U+00C6 (decimal 198)
   defining Unicode char U+00D8 (decimal 216)
   defining Unicode char U+00DF (decimal 223)
   defining Unicode char U+00E6 (decimal 230)
   defining Unicode char U+00EC (decimal 236)
   defining Unicode char U+00ED (decimal 237)
   defining Unicode char U+00EE (decimal 238)
   defining Unicode char U+00EF (decimal 239)
   defining Unicode char U+00F8 (decimal 248)
   defining Unicode char U+0131 (decimal 305)
   defining Unicode char U+0141 (decimal 321)
   defining Unicode char U+0142 (decimal 322)
   defining Unicode char U+0152 (decimal 338)
   defining Unicode char U+0153 (decimal 339)
   defining Unicode char U+2013 (decimal 8211)
   defining Unicode char U+2014 (decimal 8212)
   defining Unicode char U+2018 (decimal 8216)
   defining Unicode char U+2019 (decimal 8217)
   defining Unicode char U+201C (decimal 8220)
   defining Unicode char U+201D (decimal 8221)
)
Now handling font encoding OMS ...
... processing UTF-8 mapping file for font encoding OMS

(/usr/share/texmf-texlive/tex/latex/base/omsenc.dfu
File: omsenc.dfu 2008/04/05 v1.1m UTF-8 support for inputenc
   defining Unicode char U+00A7 (decimal 167)
   defining Unicode char U+00B6 (decimal 182)
   defining Unicode char U+00B7 (decimal 183)
   defining Unicode char U+2020 (decimal 8224)
   defining Unicode char U+2021 (decimal 8225)
   defining Unicode char U+2022 (decimal 8226)
)
Now handling font encoding OMX ...
... no UTF-8 mapping file for font encoding OMX
Now handling font encoding U ...
... no UTF-8 mapping file for font encoding U
   defining Unicode char U+00A9 (decimal 169)
   defining Unicode char U+00AA (decimal 170)
   defining Unicode char U+00AE (decimal 174)
   defining Unicode char U+00BA (decimal 186)
   defining Unicode char U+02C6 (decimal 710)
   defining Unicode char U+02DC (decimal 732)
   defining Unicode char U+200C (decimal 8204)
   defining Unicode char U+2026 (decimal 8230)
   defining Unicode char U+2122 (decimal 8482)
   defining Unicode char U+2423 (decimal 9251)
))
(/usr/share/texmf-texlive/tex/latex/amscls/amsthm.sty
Package: amsthm 2004/08/06 v2.20
\thm@style=\toks19
\thm@bodyfont=\toks20
\thm@headfont=\toks21
\thm@notefont=\toks22
\thm@headpunct=\toks23
\thm@preskip=\skip88
\thm@postskip=\skip89
\thm@headsep=\skip90
\dth@everypar=\toks24
)
(/usr/share/texmf-texlive/tex/latex/tools/enumerate.sty
Package: enumerate 1999/03/05 v3.00 enumerate extensions (DPC)
\@enLab=\toks25
)
(/usr/share/texmf-texlive/tex/latex/tools/array.sty
Package: array 2008/09/09 v2.4c Tabular extension package (FMi)
\col@sep=\dimen114
\extrarowheight=\dimen115
\NC@list=\toks26
\extratabsurround=\skip91
\backup@length=\skip92
)
(/usr/share/texmf-texlive/tex/latex/algorithms/algorithm.sty
Package: algorithm 2009/08/24 v0.1 Document Style `algorithm' - floating enviro
nment

(/usr/share/texmf-texlive/tex/latex/float/float.sty
Package: float 2001/11/08 v1.3d Float enhancements (AL)
\c@float@type=\count94
\float@exts=\toks27
\float@box=\box27
\@float@everytoks=\toks28
\@floatcapt=\box28
)
(/usr/share/texmf-texlive/tex/latex/base/ifthen.sty
Package: ifthen 2001/05/26 v1.1c Standard LaTeX ifthen package (DPC)
)
\@float@every@algorithm=\toks29
\c@algorithm=\count95
)
(/usr/share/texmf-texlive/tex/latex/algorithms/algorithmic.sty
Package: algorithmic 2009/08/24 v0.1 Document Style `algorithmic'
\c@ALC@unique=\count96
\c@ALC@line=\count97
\c@ALC@rem=\count98
\c@ALC@depth=\count99
\ALC@tlm=\skip93
\algorithmicindent=\skip94
)
(/usr/share/texmf-texlive/tex/latex/amsmath/amsmath.sty
Package: amsmath 2000/07/18 v2.13 AMS math features
\@mathmargin=\skip95

For additional information on amsmath, use the `?' option.
(/usr/share/texmf-texlive/tex/latex/amsmath/amstext.sty
Package: amstext 2000/06/29 v2.01

(/usr/share/texmf-texlive/tex/latex/amsmath/amsgen.sty
File: amsgen.sty 1999/11/30 v2.0
\@emptytoks=\toks30
\ex@=\dimen116
))
(/usr/share/texmf-texlive/tex/latex/amsmath/amsbsy.sty
Package: amsbsy 1999/11/29 v1.2d
\pmbraise@=\dimen117
)
(/usr/share/texmf-texlive/tex/latex/amsmath/amsopn.sty
Package: amsopn 1999/12/14 v2.01 operator names
)
\inf@bad=\count100
LaTeX Info: Redefining \frac on input line 211.
\uproot@=\count101
\leftroot@=\count102
LaTeX Info: Redefining \overline on input line 307.
\classnum@=\count103
\DOTSCASE@=\count104
LaTeX Info: Redefining \ldots on input line 379.
LaTeX Info: Redefining \dots on input line 382.
LaTeX Info: Redefining \cdots on input line 467.
\Mathstrutbox@=\box29
\strutbox@=\box30
\big@size=\dimen118
LaTeX Font Info:    Redeclaring font encoding OML on input line 567.
LaTeX Font Info:    Redeclaring font encoding OMS on input line 568.
\macc@depth=\count105
\c@MaxMatrixCols=\count106
\dotsspace@=\muskip11
\c@parentequation=\count107
\dspbrk@lvl=\count108
\tag@help=\toks31
\row@=\count109
\column@=\count110
\maxfields@=\count111
\andhelp@=\toks32
\eqnshift@=\dimen119
\alignsep@=\dimen120
\tagshift@=\dimen121
\tagwidth@=\dimen122
\totwidth@=\dimen123
\lineht@=\dimen124
\@envbody=\toks33
\multlinegap=\skip96
\multlinetaggap=\skip97
\mathdisplay@stack=\toks34
LaTeX Info: Redefining \[ on input line 2666.
LaTeX Info: Redefining \] on input line 2667.
)
(/usr/share/texmf-texlive/tex/latex/amsfonts/amsfonts.sty
Package: amsfonts 2009/06/22 v3.00 Basic AMSFonts support
\symAMSa=\mathgroup4
\symAMSb=\mathgroup5
LaTeX Font Info:    Overwriting math alphabet `\mathfrak' in version `bold'
(Font)                  U/euf/m/n --> U/euf/b/n on input line 96.
)
(/usr/share/texmf-texlive/tex/latex/listings/listings.sty
\lst@mode=\count112
\lst@gtempboxa=\box31
\lst@token=\toks35
\lst@length=\count113
\lst@currlwidth=\dimen125
\lst@column=\count114
\lst@pos=\count115
\lst@lostspace=\dimen126
\lst@width=\dimen127
\lst@newlines=\count116
\lst@lineno=\count117
\lst@maxwidth=\dimen128

(/usr/share/texmf-texlive/tex/latex/listings/lstmisc.sty
File: lstmisc.sty 2007/02/22 1.4 (Carsten Heinz)
\c@lstnumber=\count118
\lst@skipnumbers=\count119
\lst@framebox=\box32
)
(/usr/share/texmf-texlive/tex/latex/listings/listings.cfg
File: listings.cfg 2007/02/22 1.4 listings configuration
))
Package: listings 2007/02/22 1.4 (Carsten Heinz)
\c@definition=\count120


LaTeX Warning: Unused global option(s):
    [pdflatex,11pt].

(./document.aux (./Introduction.aux) (./Algorithm.aux) (./Clustering.aux)
(./FitnessDeterioration.aux) (./TestedAlgorithms.aux

LaTeX Warning: Label `seqNichingPop' multiply defined.

) (./Implementation.aux

LaTeX Warning: Label `ea' multiply defined.


LaTeX Warning: Label `ea' multiply defined.

) (./Conclusions.aux) (./Installation.aux) (./Configuration.aux))
\openout1 = `document.aux'.

LaTeX Font Info:    Checking defaults for OML/cmm/m/it on input line 72.
LaTeX Font Info:    ... okay on input line 72.
LaTeX Font Info:    Checking defaults for T1/cmr/m/n on input line 72.
LaTeX Font Info:    ... okay on input line 72.
LaTeX Font Info:    Checking defaults for OT1/cmr/m/n on input line 72.
LaTeX Font Info:    ... okay on input line 72.
LaTeX Font Info:    Checking defaults for OMS/cmsy/m/n on input line 72.
LaTeX Font Info:    ... okay on input line 72.
LaTeX Font Info:    Checking defaults for OMX/cmex/m/n on input line 72.
LaTeX Font Info:    ... okay on input line 72.
LaTeX Font Info:    Checking defaults for U/cmr/m/n on input line 72.
LaTeX Font Info:    ... okay on input line 72.
LaTeX Font Info:    Try loading font information for T1+ptm on input line 72.

(/usr/share/texmf-texlive/tex/latex/psnfss/t1ptm.fd
File: t1ptm.fd 2001/06/04 font definitions for T1/ptm.
)
(/usr/share/texmf-texlive/tex/context/base/supp-pdf.mkii
[Loading MPS to PDF converter (version 2006.09.02).]
\scratchcounter=\count121
\scratchdimen=\dimen129
\scratchbox=\box33
\nofMPsegments=\count122
\nofMParguments=\count123
\everyMPshowfont=\toks36
\MPscratchCnt=\count124
\MPscratchDim=\dimen130
\MPnumerator=\count125
\everyMPtoPDFconversion=\toks37
)
*geometry auto-detecting driver*
*geometry detected driver: pdftex*
-------------------- Geometry parameters
paper: class default
landscape: --
twocolumn: --
twoside: --
asymmetric: --
h-parts: 85.35826pt, 455.24411pt, 56.9055pt
v-parts: 71.13188pt, 702.78308pt, 71.13188pt
hmarginratio: --
vmarginratio: --
lines: --
heightrounded: --
bindingoffset: 0.0pt
truedimen: --
includehead: --
includefoot: --
includemp: --
driver: pdftex
-------------------- Page layout dimensions and switches
\paperwidth  597.50787pt
\paperheight 845.04684pt
\textwidth  455.24411pt
\textheight 702.78308pt
\oddsidemargin  13.08827pt
\evensidemargin 13.08827pt
\topmargin  -54.59085pt
\headheight 28.45274pt
\headsep    25.0pt
\footskip   28.45274pt
\marginparwidth 50.0pt
\marginparsep   10.0pt
\columnsep  10.0pt
\skip\footins  10.0pt plus 4.0pt minus 2.0pt
\hoffset 0.0pt
\voffset 0.0pt
\mag 1000

(1in=72.27pt, 1cm=28.45pt)
-----------------------
\c@lstlisting=\count126
LaTeX Font Info:    Try loading font information for T1+phv on input line 74.
(/usr/share/texmf-texlive/tex/latex/psnfss/t1phv.fd
File: t1phv.fd 2001/06/04 scalable font definitions for T1/phv.
)
LaTeX Font Info:    Font shape `T1/phv/bx/n' in size <14.4> not available
(Font)              Font shape `T1/phv/b/n' tried instead on input line 74.
LaTeX Font Info:    Font shape `T1/phv/bx/sc' in size <14.4> not available
(Font)              Font shape `T1/phv/b/sc' tried instead on input line 74.

<./img/agh.pdf, id=1, 63.30652pt x 122.89915pt>
File: ./img/agh.pdf Graphic file (type pdf)
 <use ./img/agh.pdf>
LaTeX Font Info:    Font shape `T1/ptm/bx/n' in size <17.28> not available
(Font)              Font shape `T1/ptm/b/n' tried instead on input line 74.
LaTeX Font Info:    Font shape `T1/ptm/bx/sc' in size <17.28> not available
(Font)              Font shape `T1/ptm/b/sc' tried instead on input line 74.
LaTeX Font Info:    Try loading font information for U+msa on input line 74.

(/usr/share/texmf-texlive/tex/latex/amsfonts/umsa.fd
File: umsa.fd 2009/06/22 v3.00 AMS symbols A
)
LaTeX Font Info:    Try loading font information for U+msb on input line 74.

(/usr/share/texmf-texlive/tex/latex/amsfonts/umsb.fd
File: umsb.fd 2009/06/22 v3.00 AMS symbols B
) [1

{/var/lib/texmf/fonts/map/pdftex/updmap/pdftex.map} <./img/agh.pdf>] [1

]
LaTeX Font Info:    Font shape `T1/ptm/bx/n' in size <10.95> not available
(Font)              Font shape `T1/ptm/b/n' tried instead on input line 76.
LaTeX Font Info:    Font shape `T1/ptm/bx/n' in size <14.4> not available
(Font)              Font shape `T1/ptm/b/n' tried instead on input line 76.
 (./document.toc
Underfull \vbox (badness 1383) has occurred while \output is active []

 [5

])
\tf@toc=\write3
\openout3 = `document.toc'.


! Undefined control sequence.
\f@ncyolf ->\small \@shortauthor 
                                 \quad \textit {\@shorttitlePL }\strut 
l.78 \clearpage
               
The control sequence at the end of the top line
of your error message was never \def'ed. If you have
misspelled it (e.g., `\hobx'), type `I' and the correct
spelling (e.g., `I\hbox'). Otherwise just continue,
and I'll forget about whatever was undefined.

! Undefined control sequence.
<recently read> \@shorttitlePL 
                               
l.78 \clearpage
               
The control sequence at the end of the top line
of your error message was never \def'ed. If you have
misspelled it (e.g., `\hobx'), type `I' and the correct
spelling (e.g., `I\hbox'). Otherwise just continue,
and I'll forget about whatever was undefined.

[6]
\openout2 = `Introduction.aux'.

 (./Introduction.tex
Chapter 1.
[7



]
Underfull \hbox (badness 2050) in paragraph at lines 71--79
[][]\T1/ptm/m/n/10.95 Stochastic, population-based heuris-tics (Evo-lu-tion-ary
 Al-go-rithms, Sim-u-lated An-neal-ing, Ant
 []

LaTeX Font Info:    Font shape `T1/ptm/bx/n' in size <12> not available
(Font)              Font shape `T1/ptm/b/n' tried instead on input line 105.
! Undefined control sequence.
\f@ncyolf ->\small \@shortauthor 
                                 \quad \textit {\@shorttitlePL }\strut 
l.150 \begin{equation}
                      
The control sequence at the end of the top line
of your error message was never \def'ed. If you have
misspelled it (e.g., `\hobx'), type `I' and the correct
spelling (e.g., `I\hbox'). Otherwise just continue,
and I'll forget about whatever was undefined.

! Undefined control sequence.
<recently read> \@shorttitlePL 
                               
l.150 \begin{equation}
                      
The control sequence at the end of the top line
of your error message was never \def'ed. If you have
misspelled it (e.g., `\hobx'), type `I' and the correct
spelling (e.g., `I\hbox'). Otherwise just continue,
and I'll forget about whatever was undefined.

[8]
! Undefined control sequence.
\f@ncyolf ->\small \@shortauthor 
                                 \quad \textit {\@shorttitlePL }\strut 
l.203 N
       ext the \textit{cluster extensions} being the regular subsets of $\ma...
The control sequence at the end of the top line
of your error message was never \def'ed. If you have
misspelled it (e.g., `\hobx'), type `I' and the correct
spelling (e.g., `I\hbox'). Otherwise just continue,
and I'll forget about whatever was undefined.

! Undefined control sequence.
<recently read> \@shorttitlePL 
                               
l.203 N
       ext the \textit{cluster extensions} being the regular subsets of $\ma...
The control sequence at the end of the top line
of your error message was never \def'ed. If you have
misspelled it (e.g., `\hobx'), type `I' and the correct
spelling (e.g., `I\hbox'). Otherwise just continue,
and I'll forget about whatever was undefined.

[9]
! Undefined control sequence.
\f@ncyolf ->\small \@shortauthor 
                                 \quad \textit {\@shorttitlePL }\strut 
l.273 
      
The control sequence at the end of the top line
of your error message was never \def'ed. If you have
misspelled it (e.g., `\hobx'), type `I' and the correct
spelling (e.g., `I\hbox'). Otherwise just continue,
and I'll forget about whatever was undefined.

! Undefined control sequence.
<recently read> \@shorttitlePL 
                               
l.273 
      
The control sequence at the end of the top line
of your error message was never \def'ed. If you have
misspelled it (e.g., `\hobx'), type `I' and the correct
spelling (e.g., `I\hbox'). Otherwise just continue,
and I'll forget about whatever was undefined.

[10])
! Undefined control sequence.
\f@ncyolf ->\small \@shortauthor 
                                 \quad \textit {\@shorttitlePL }\strut 
l.80 \include{Introduction}
                           
The control sequence at the end of the top line
of your error message was never \def'ed. If you have
misspelled it (e.g., `\hobx'), type `I' and the correct
spelling (e.g., `I\hbox'). Otherwise just continue,
and I'll forget about whatever was undefined.

! Undefined control sequence.
<recently read> \@shorttitlePL 
                               
l.80 \include{Introduction}
                           
The control sequence at the end of the top line
of your error message was never \def'ed. If you have
misspelled it (e.g., `\hobx'), type `I' and the correct
spelling (e.g., `I\hbox'). Otherwise just continue,
and I'll forget about whatever was undefined.

[11]
\openout2 = `Algorithm.aux'.

 (./Algorithm.tex
Chapter 2.

LaTeX Warning: Reference `sec:fitnessDet' on page 12 undefined on input line 70
.

[12



]

LaTeX Warning: Reference `sec:fitnessDetAndClustering' on page 13 undefined on 
input line 172.


LaTeX Warning: Reference `sec:fitnessDetAndClustering' on page 13 undefined on 
input line 176.

! Undefined control sequence.
\f@ncyolf ->\small \@shortauthor 
                                 \quad \textit {\@shorttitlePL }\strut 
l.184 
      
The control sequence at the end of the top line
of your error message was never \def'ed. If you have
misspelled it (e.g., `\hobx'), type `I' and the correct
spelling (e.g., `I\hbox'). Otherwise just continue,
and I'll forget about whatever was undefined.

! Undefined control sequence.
<recently read> \@shorttitlePL 
                               
l.184 
      
The control sequence at the end of the top line
of your error message was never \def'ed. If you have
misspelled it (e.g., `\hobx'), type `I' and the correct
spelling (e.g., `I\hbox'). Otherwise just continue,
and I'll forget about whatever was undefined.

[13]
Underfull \vbox (badness 1259) has occurred while \output is active []


! Undefined control sequence.
\f@ncyolf ->\small \@shortauthor 
                                 \quad \textit {\@shorttitlePL }\strut 
l.215 
      
The control sequence at the end of the top line
of your error message was never \def'ed. If you have
misspelled it (e.g., `\hobx'), type `I' and the correct
spelling (e.g., `I\hbox'). Otherwise just continue,
and I'll forget about whatever was undefined.

! Undefined control sequence.
<recently read> \@shorttitlePL 
                               
l.215 
      
The control sequence at the end of the top line
of your error message was never \def'ed. If you have
misspelled it (e.g., `\hobx'), type `I' and the correct
spelling (e.g., `I\hbox'). Otherwise just continue,
and I'll forget about whatever was undefined.

[14])
! Undefined control sequence.
\f@ncyolf ->\small \@shortauthor 
                                 \quad \textit {\@shorttitlePL }\strut 
l.82 \include{Algorithm}
                        
The control sequence at the end of the top line
of your error message was never \def'ed. If you have
misspelled it (e.g., `\hobx'), type `I' and the correct
spelling (e.g., `I\hbox'). Otherwise just continue,
and I'll forget about whatever was undefined.

! Undefined control sequence.
<recently read> \@shorttitlePL 
                               
l.82 \include{Algorithm}
                        
The control sequence at the end of the top line
of your error message was never \def'ed. If you have
misspelled it (e.g., `\hobx'), type `I' and the correct
spelling (e.g., `I\hbox'). Otherwise just continue,
and I'll forget about whatever was undefined.

[15]
\openout2 = `Clustering.aux'.

 (./Clustering.tex
Chapter 3.
<./img/densityReachability.png, id=61, 1032.85875pt x 382.42876pt>
File: ./img/densityReachability.png Graphic file (type png)

<use ./img/densityReachability.png> [16



]
! Undefined control sequence.
\f@ncyolf ->\small \@shortauthor 
                                 \quad \textit {\@shorttitlePL }\strut 
l.142 \label
            {def:core-distance}
The control sequence at the end of the top line
of your error message was never \def'ed. If you have
misspelled it (e.g., `\hobx'), type `I' and the correct
spelling (e.g., `I\hbox'). Otherwise just continue,
and I'll forget about whatever was undefined.

! Undefined control sequence.
<recently read> \@shorttitlePL 
                               
l.142 \label
            {def:core-distance}
The control sequence at the end of the top line
of your error message was never \def'ed. If you have
misspelled it (e.g., `\hobx'), type `I' and the correct
spelling (e.g., `I\hbox'). Otherwise just continue,
and I'll forget about whatever was undefined.

[17 <./img/densityReachability.png (PNG copy)>]
! Missing delimiter (. inserted).
<to be read again> 
                   $
l.153 $
       $
I was expecting to see something like `(' or `\{' or
`\}' here. If you typed, e.g., `{' instead of `\{', you
should probably delete the `{' by typing `1' now, so that
braces don't get unbalanced. Otherwise just proceed.
Acceptable delimiters are characters whose \delcode is
nonnegative, or you can use `\delimiter <delimiter code>'.

! Missing delimiter (. inserted).
<to be read again> 
                   $
l.168 $
       $
I was expecting to see something like `(' or `\{' or
`\}' here. If you typed, e.g., `{' instead of `\{', you
should probably delete the `{' by typing `1' now, so that
braces don't get unbalanced. Otherwise just proceed.
Acceptable delimiters are characters whose \delcode is
nonnegative, or you can use `\delimiter <delimiter code>'.

<./img/dataSet.png, id=68, 642.4pt x 481.8pt>
File: ./img/dataSet.png Graphic file (type png)
 <use ./img/dataSet.png>
<./img/clusters.png, id=69, 642.4pt x 481.8pt>
File: ./img/clusters.png Graphic file (type png)
 <use ./img/clusters.png>
<./img/reachability/1_5_20.png, id=70, 642.4pt x 481.8pt>
File: ./img/reachability/1_5_20.png Graphic file (type png)

<use ./img/reachability/1_5_20.png>
<./img/reachability/1_0_20.png, id=71, 642.4pt x 481.8pt>
File: ./img/reachability/1_0_20.png Graphic file (type png)

<use ./img/reachability/1_0_20.png>
<./img/reachability/0_5_20.png, id=72, 642.4pt x 481.8pt>
File: ./img/reachability/0_5_20.png Graphic file (type png)

<use ./img/reachability/0_5_20.png>

LaTeX Warning: Float too large for page by 12.81744pt on input line 225.

)
! Undefined control sequence.
\f@ncyolf ->\small \@shortauthor 
                                 \quad \textit {\@shorttitlePL }\strut 
l.84 \include{Clustering}
                         
The control sequence at the end of the top line
of your error message was never \def'ed. If you have
misspelled it (e.g., `\hobx'), type `I' and the correct
spelling (e.g., `I\hbox'). Otherwise just continue,
and I'll forget about whatever was undefined.

! Undefined control sequence.
<recently read> \@shorttitlePL 
                               
l.84 \include{Clustering}
                         
The control sequence at the end of the top line
of your error message was never \def'ed. If you have
misspelled it (e.g., `\hobx'), type `I' and the correct
spelling (e.g., `I\hbox'). Otherwise just continue,
and I'll forget about whatever was undefined.

[18]
! Undefined control sequence.
\f@ncyolf ->\small \@shortauthor 
                                 \quad \textit {\@shorttitlePL }\strut 
l.84 \include{Clustering}
                         
The control sequence at the end of the top line
of your error message was never \def'ed. If you have
misspelled it (e.g., `\hobx'), type `I' and the correct
spelling (e.g., `I\hbox'). Otherwise just continue,
and I'll forget about whatever was undefined.

! Undefined control sequence.
<recently read> \@shorttitlePL 
                               
l.84 \include{Clustering}
                         
The control sequence at the end of the top line
of your error message was never \def'ed. If you have
misspelled it (e.g., `\hobx'), type `I' and the correct
spelling (e.g., `I\hbox'). Otherwise just continue,
and I'll forget about whatever was undefined.

[19 <./img/dataSet.png (PNG copy)> <./img/clusters.png (PNG copy)>]
! Undefined control sequence.
\f@ncyolf ->\small \@shortauthor 
                                 \quad \textit {\@shorttitlePL }\strut 
l.84 \include{Clustering}
                         
The control sequence at the end of the top line
of your error message was never \def'ed. If you have
misspelled it (e.g., `\hobx'), type `I' and the correct
spelling (e.g., `I\hbox'). Otherwise just continue,
and I'll forget about whatever was undefined.

! Undefined control sequence.
<recently read> \@shorttitlePL 
                               
l.84 \include{Clustering}
                         
The control sequence at the end of the top line
of your error message was never \def'ed. If you have
misspelled it (e.g., `\hobx'), type `I' and the correct
spelling (e.g., `I\hbox'). Otherwise just continue,
and I'll forget about whatever was undefined.

[20 <./img/reachability/1_5_20.png (PNG copy)> <./img/reachability/1_0_20.png (
PNG copy)> <./img/reachability/0_5_20.png (PNG copy)>]
\openout2 = `FitnessDeterioration.aux'.


(./FitnessDeterioration.tex
Chapter 4.

! LaTeX Error: \mathbb allowed only in math mode.

See the LaTeX manual or LaTeX Companion for explanation.
Type  H <return>  for immediate help.
 ...                                              
                                                  
l.61 ...ry point $g_1$ in the search space \mathbb
                                                  {G}
You're in trouble here.  Try typing  <return>  to proceed.
If that doesn't work, type  X <return>  to quit.

[21



]
! Undefined control sequence.
\f@ncyolf ->\small \@shortauthor 
                                 \quad \textit {\@shorttitlePL }\strut 
l.137 ...ion{Fitness deterioration and clustering}
                                                  
The control sequence at the end of the top line
of your error message was never \def'ed. If you have
misspelled it (e.g., `\hobx'), type `I' and the correct
spelling (e.g., `I\hbox'). Otherwise just continue,
and I'll forget about whatever was undefined.

! Undefined control sequence.
<recently read> \@shorttitlePL 
                               
l.137 ...ion{Fitness deterioration and clustering}
                                                  
The control sequence at the end of the top line
of your error message was never \def'ed. If you have
misspelled it (e.g., `\hobx'), type `I' and the correct
spelling (e.g., `I\hbox'). Otherwise just continue,
and I'll forget about whatever was undefined.

[22]

pdfTeX warning: /usr/bin/pdflatex (file ./img/clusterDensity/hardcluster1.pdf):
 PDF inclusion: found PDF version <1.5>, but at most version <1.4> allowed
<./img/clusterDensity/hardcluster1.pdf, id=95, 597.50786pt x 845.04686pt>
File: ./img/clusterDensity/hardcluster1.pdf Graphic file (type pdf)

<use ./img/clusterDensity/hardcluster1.pdf>

pdfTeX warning: /usr/bin/pdflatex (file ./img/clusterDensity/hardcluster2.pdf):
 PDF inclusion: found PDF version <1.5>, but at most version <1.4> allowed
<./img/clusterDensity/hardcluster2.pdf, id=97, 597.50786pt x 845.04686pt>
File: ./img/clusterDensity/hardcluster2.pdf Graphic file (type pdf)

<use ./img/clusterDensity/hardcluster2.pdf>

pdfTeX warning: /usr/bin/pdflatex (file ./img/clusterDensity/hardcluster12.pdf)
: PDF inclusion: found PDF version <1.5>, but at most version <1.4> allowed
<./img/clusterDensity/hardcluster12.pdf, id=99, 597.50786pt x 845.04686pt>
File: ./img/clusterDensity/hardcluster12.pdf Graphic file (type pdf)

<use ./img/clusterDensity/hardcluster12.pdf>

pdfTeX warning: /usr/bin/pdflatex (file ./img/clusterDensity/hardcluster22.pdf)
: PDF inclusion: found PDF version <1.5>, but at most version <1.4> allowed
<./img/clusterDensity/hardcluster22.pdf, id=101, 597.50786pt x 845.04686pt>
File: ./img/clusterDensity/hardcluster22.pdf Graphic file (type pdf)

<use ./img/clusterDensity/hardcluster22.pdf>
! Undefined control sequence.
\f@ncyolf ->\small \@shortauthor 
                                 \quad \textit {\@shorttitlePL }\strut 
l.232 \end{figure}
                  
The control sequence at the end of the top line
of your error message was never \def'ed. If you have
misspelled it (e.g., `\hobx'), type `I' and the correct
spelling (e.g., `I\hbox'). Otherwise just continue,
and I'll forget about whatever was undefined.

! Undefined control sequence.
<recently read> \@shorttitlePL 
                               
l.232 \end{figure}
                  
The control sequence at the end of the top line
of your error message was never \def'ed. If you have
misspelled it (e.g., `\hobx'), type `I' and the correct
spelling (e.g., `I\hbox'). Otherwise just continue,
and I'll forget about whatever was undefined.

[23 <./img/clusterDensity/hardcluster1.pdf> <./img/clusterDensity/hardcluster2.
pdf>]
<./img/clusterExtraction/reachabilityPlot.png, id=136, 481.8pt x 361.35pt>
File: ./img/clusterExtraction/reachabilityPlot.png Graphic file (type png)

<use ./img/clusterExtraction/reachabilityPlot.png>
<./img/clusterExtraction/extDataSet.png, id=138, 642.4pt x 481.8pt>
File: ./img/clusterExtraction/extDataSet.png Graphic file (type png)

<use ./img/clusterExtraction/extDataSet.png>
<./img/clusterExtraction/reachabilityPlot1.png, id=139, 481.8pt x 361.35pt>
File: ./img/clusterExtraction/reachabilityPlot1.png Graphic file (type png)

<use ./img/clusterExtraction/reachabilityPlot1.png>
<./img/clusterExtraction/extClusters.png, id=140, 642.4pt x 481.8pt>
File: ./img/clusterExtraction/extClusters.png Graphic file (type png)

<use ./img/clusterExtraction/extClusters.png>
! Undefined control sequence.
\f@ncyolf ->\small \@shortauthor 
                                 \quad \textit {\@shorttitlePL }\strut 
l.298 
      
The control sequence at the end of the top line
of your error message was never \def'ed. If you have
misspelled it (e.g., `\hobx'), type `I' and the correct
spelling (e.g., `I\hbox'). Otherwise just continue,
and I'll forget about whatever was undefined.

! Undefined control sequence.
<recently read> \@shorttitlePL 
                               
l.298 
      
The control sequence at the end of the top line
of your error message was never \def'ed. If you have
misspelled it (e.g., `\hobx'), type `I' and the correct
spelling (e.g., `I\hbox'). Otherwise just continue,
and I'll forget about whatever was undefined.

[24 <./img/clusterDensity/hardcluster12.pdf> <./img/clusterDensity/hardcluster2
2.pdf>]
! Undefined control sequence.
\f@ncyolf ->\small \@shortauthor 
                                 \quad \textit {\@shorttitlePL }\strut 
l.298 
      
The control sequence at the end of the top line
of your error message was never \def'ed. If you have
misspelled it (e.g., `\hobx'), type `I' and the correct
spelling (e.g., `I\hbox'). Otherwise just continue,
and I'll forget about whatever was undefined.

! Undefined control sequence.
<recently read> \@shorttitlePL 
                               
l.298 
      
The control sequence at the end of the top line
of your error message was never \def'ed. If you have
misspelled it (e.g., `\hobx'), type `I' and the correct
spelling (e.g., `I\hbox'). Otherwise just continue,
and I'll forget about whatever was undefined.

[25 <./img/clusterExtraction/reachabilityPlot.png> <./img/clusterExtraction/ext
DataSet.png (PNG copy)> <./img/clusterExtraction/reachabilityPlot1.png> <./img/
clusterExtraction/extClusters.png (PNG copy)>]
<./img/AdaptiveScheme.png, id=202, 383.93437pt x 211.54031pt>
File: ./img/AdaptiveScheme.png Graphic file (type png)

<use ./img/AdaptiveScheme.png>
! Undefined control sequence.
\f@ncyolf ->\small \@shortauthor 
                                 \quad \textit {\@shorttitlePL }\strut 
l.394 
      
The control sequence at the end of the top line
of your error message was never \def'ed. If you have
misspelled it (e.g., `\hobx'), type `I' and the correct
spelling (e.g., `I\hbox'). Otherwise just continue,
and I'll forget about whatever was undefined.

! Undefined control sequence.
<recently read> \@shorttitlePL 
                               
l.394 
      
The control sequence at the end of the top line
of your error message was never \def'ed. If you have
misspelled it (e.g., `\hobx'), type `I' and the correct
spelling (e.g., `I\hbox'). Otherwise just continue,
and I'll forget about whatever was undefined.

[26]

LaTeX Warning: Reference `sec:testFun' on page 27 undefined on input line 431.

! Undefined control sequence.
\f@ncyolf ->\small \@shortauthor 
                                 \quad \textit {\@shorttitlePL }\strut 
l.442 \end{itemize}
                   
The control sequence at the end of the top line
of your error message was never \def'ed. If you have
misspelled it (e.g., `\hobx'), type `I' and the correct
spelling (e.g., `I\hbox'). Otherwise just continue,
and I'll forget about whatever was undefined.

! Undefined control sequence.
<recently read> \@shorttitlePL 
                               
l.442 \end{itemize}
                   
The control sequence at the end of the top line
of your error message was never \def'ed. If you have
misspelled it (e.g., `\hobx'), type `I' and the correct
spelling (e.g., `I\hbox'). Otherwise just continue,
and I'll forget about whatever was undefined.

[27 <./img/AdaptiveScheme.png (PNG copy)>]
<./img/CMA/result1_noCMA.png, id=210, 642.4pt x 481.8pt>
File: ./img/CMA/result1_noCMA.png Graphic file (type png)

<use ./img/CMA/result1_noCMA.png>
<./img/CMA/result1_CMA.png, id=211, 642.4pt x 481.8pt>
File: ./img/CMA/result1_CMA.png Graphic file (type png)

<use ./img/CMA/result1_CMA.png>
<./img/CMA/result2_noCMA.png, id=212, 642.4pt x 481.8pt>
File: ./img/CMA/result2_noCMA.png Graphic file (type png)

<use ./img/CMA/result2_noCMA.png>
<./img/CMA/result2_CMA.png, id=213, 642.4pt x 481.8pt>
File: ./img/CMA/result2_CMA.png Graphic file (type png)

<use ./img/CMA/result2_CMA.png>)
! Undefined control sequence.
\f@ncyolf ->\small \@shortauthor 
                                 \quad \textit {\@shorttitlePL }\strut 
l.86 \include{FitnessDeterioration}
                                   
The control sequence at the end of the top line
of your error message was never \def'ed. If you have
misspelled it (e.g., `\hobx'), type `I' and the correct
spelling (e.g., `I\hbox'). Otherwise just continue,
and I'll forget about whatever was undefined.

! Undefined control sequence.
<recently read> \@shorttitlePL 
                               
l.86 \include{FitnessDeterioration}
                                   
The control sequence at the end of the top line
of your error message was never \def'ed. If you have
misspelled it (e.g., `\hobx'), type `I' and the correct
spelling (e.g., `I\hbox'). Otherwise just continue,
and I'll forget about whatever was undefined.

[28 <./img/CMA/result1_noCMA.png (PNG copy)> <./img/CMA/result1_CMA.png (PNG co
py)>]
! Undefined control sequence.
\f@ncyolf ->\small \@shortauthor 
                                 \quad \textit {\@shorttitlePL }\strut 
l.86 \include{FitnessDeterioration}
                                   
The control sequence at the end of the top line
of your error message was never \def'ed. If you have
misspelled it (e.g., `\hobx'), type `I' and the correct
spelling (e.g., `I\hbox'). Otherwise just continue,
and I'll forget about whatever was undefined.

! Undefined control sequence.
<recently read> \@shorttitlePL 
                               
l.86 \include{FitnessDeterioration}
                                   
The control sequence at the end of the top line
of your error message was never \def'ed. If you have
misspelled it (e.g., `\hobx'), type `I' and the correct
spelling (e.g., `I\hbox'). Otherwise just continue,
and I'll forget about whatever was undefined.

[29 <./img/CMA/result2_noCMA.png (PNG copy)> <./img/CMA/result2_CMA.png (PNG co
py)>]
\openout2 = `TestedAlgorithms.aux'.

 (./TestedAlgorithms.tex
Chapter 5.
<./img/weighted_1_0/ofl1.png, id=223, 1233.60875pt x 598.235pt>
File: ./img/weighted_1_0/ofl1.png Graphic file (type png)

<use ./img/weighted_1_0/ofl1.png>
<./img/weighted_1_0/iter11.png, id=224, 1274.7625pt x 664.4825pt>
File: ./img/weighted_1_0/iter11.png Graphic file (type png)

<use ./img/weighted_1_0/iter11.png>
<./img/weighted_1_0/iter12.png, id=225, 1282.7925pt x 673.51625pt>
File: ./img/weighted_1_0/iter12.png Graphic file (type png)

<use ./img/weighted_1_0/iter12.png>
<./img/weighted_1_0/iter13.png, id=226, 1274.7625pt x 646.415pt>
File: ./img/weighted_1_0/iter13.png Graphic file (type png)

<use ./img/weighted_1_0/iter13.png>
Underfull \hbox (badness 3199) in paragraph at lines 38--38
[][]\T1/ptm/m/n/10.95 Figure 5.1: The re-sult of se-quen-tial nich-ing al-go-ri
thm ap-plied for the func-tion: $\OML/cmm/m/it/10.95 f\OT1/cmr/m/n/10.95 (\OML/
cmm/m/it/10.95 X\OT1/cmr/m/n/10.95 ) =
 []


Underfull \hbox (badness 3158) in paragraph at lines 38--38
\OT1/cmr/m/n/10.95 2\OML/cmm/m/it/10.95 e[] \OT1/cmr/m/n/10.95 + 1\OML/cmm/m/it
/10.95 :\OT1/cmr/m/n/10.95 5\OML/cmm/m/it/10.95 e[] \OT1/cmr/m/n/10.95 + 4\OML/
cmm/m/it/10.95 e[]$\T1/ptm/m/n/10.95 . OP-TICS pa-ram-e-ters: $\OML/cmm/m/it/10
.95 ^^O \OT1/cmr/m/n/10.95 =
 []

<./img/weighted_1_0/pop_pm3d11.png, id=227, 642.4pt x 481.8pt>
File: ./img/weighted_1_0/pop_pm3d11.png Graphic file (type png)

<use ./img/weighted_1_0/pop_pm3d11.png>
<./img/weighted_1_0/pop_pm3d12.png, id=228, 642.4pt x 481.8pt>
File: ./img/weighted_1_0/pop_pm3d12.png Graphic file (type png)

<use ./img/weighted_1_0/pop_pm3d12.png>
<./img/weighted_1_0/pop_pm3d13.png, id=229, 642.4pt x 481.8pt>
File: ./img/weighted_1_0/pop_pm3d13.png Graphic file (type png)

<use ./img/weighted_1_0/pop_pm3d13.png>

LaTeX Warning: File `simple1/pop_pm3d11.png' not found on input line 66.


! Package pdftex.def Error: File `simple1/pop_pm3d11.png' not found.

See the pdftex.def package documentation for explanation.
Type  H <return>  for immediate help.
 ...                                              
                                                  
l.66   }
        
Using draft setting for this image.
Try typing  <return>  to proceed.
If that doesn't work, type  X <return>  to quit.

LaTeX Font Info:    Try loading font information for T1+pcr on input line 66.
(/usr/share/texmf-texlive/tex/latex/psnfss/t1pcr.fd
File: t1pcr.fd 2001/06/04 font definitions for T1/pcr.
)

LaTeX Warning: File `simple1/pop_pm3d12.png' not found on input line 69.


! Package pdftex.def Error: File `simple1/pop_pm3d12.png' not found.

See the pdftex.def package documentation for explanation.
Type  H <return>  for immediate help.
 ...                                              
                                                  
l.69   }
        
Using draft setting for this image.
Try typing  <return>  to proceed.
If that doesn't work, type  X <return>  to quit.


LaTeX Warning: File `simple1/pop_pm3d13.png' not found on input line 72.


! Package pdftex.def Error: File `simple1/pop_pm3d13.png' not found.

See the pdftex.def package documentation for explanation.
Type  H <return>  for immediate help.
 ...                                              
                                                  
l.72   }
        
Using draft setting for this image.
Try typing  <return>  to proceed.
If that doesn't work, type  X <return>  to quit.

) [30



]
! Undefined control sequence.
\f@ncyolf ->\small \@shortauthor 
                                 \quad \textit {\@shorttitlePL }\strut 
l.88 \include{TestedAlgorithms}
                               
The control sequence at the end of the top line
of your error message was never \def'ed. If you have
misspelled it (e.g., `\hobx'), type `I' and the correct
spelling (e.g., `I\hbox'). Otherwise just continue,
and I'll forget about whatever was undefined.

! Undefined control sequence.
<recently read> \@shorttitlePL 
                               
l.88 \include{TestedAlgorithms}
                               
The control sequence at the end of the top line
of your error message was never \def'ed. If you have
misspelled it (e.g., `\hobx'), type `I' and the correct
spelling (e.g., `I\hbox'). Otherwise just continue,
and I'll forget about whatever was undefined.

[31 <./img/weighted_1_0/ofl1.png (PNG copy)> <./img/weighted_1_0/iter11.png (PN
G copy)> <./img/weighted_1_0/iter12.png> <./img/weighted_1_0/iter13.png (PNG co
py)>]
! Undefined control sequence.
\f@ncyolf ->\small \@shortauthor 
                                 \quad \textit {\@shorttitlePL }\strut 
l.88 \include{TestedAlgorithms}
                               
The control sequence at the end of the top line
of your error message was never \def'ed. If you have
misspelled it (e.g., `\hobx'), type `I' and the correct
spelling (e.g., `I\hbox'). Otherwise just continue,
and I'll forget about whatever was undefined.

! Undefined control sequence.
<recently read> \@shorttitlePL 
                               
l.88 \include{TestedAlgorithms}
                               
The control sequence at the end of the top line
of your error message was never \def'ed. If you have
misspelled it (e.g., `\hobx'), type `I' and the correct
spelling (e.g., `I\hbox'). Otherwise just continue,
and I'll forget about whatever was undefined.

[32 <./img/weighted_1_0/pop_pm3d11.png (PNG copy)> <./img/weighted_1_0/pop_pm3d
12.png (PNG copy)> <./img/weighted_1_0/pop_pm3d13.png (PNG copy)>]
\openout2 = `Implementation.aux'.


(./Implementation.tex
Chapter 6.

Underfull \hbox (badness 2726) in paragraph at lines 32--37
\T1/ptm/m/it/10.95 quen-tial Nich-ing \T1/ptm/m/n/10.95 al-go-rithm as de-scrib
ed in chap-ter 2. The main class in the mod-ule
 []


Underfull \hbox (badness 6284) in paragraph at lines 39--43
[][]\T1/ptm/m/it/10.95 Fitness de-te-ri-o-ra-tion mod-ule \T1/ptm/m/n/10.95 - c
on-tains im-ple-men-ta-tion of \T1/ptm/m/it/10.95 Fit-ness-De-te-ri-o-ra-tion \
T1/ptm/m/n/10.95 in-ter-
 []


Underfull \hbox (badness 2818) in paragraph at lines 39--43
\T1/ptm/m/n/10.95 face. Most im-por-tant are: \T1/ptm/m/it/10.95 ki.edu.agh.det
erioration.SimpleGaussianFitnessDeterioration \T1/ptm/m/n/10.95 and
 []

[33



])
! Undefined control sequence.
\f@ncyolf ->\small \@shortauthor 
                                 \quad \textit {\@shorttitlePL }\strut 
l.90 \include{Implementation}
                             
The control sequence at the end of the top line
of your error message was never \def'ed. If you have
misspelled it (e.g., `\hobx'), type `I' and the correct
spelling (e.g., `I\hbox'). Otherwise just continue,
and I'll forget about whatever was undefined.

! Undefined control sequence.
<recently read> \@shorttitlePL 
                               
l.90 \include{Implementation}
                             
The control sequence at the end of the top line
of your error message was never \def'ed. If you have
misspelled it (e.g., `\hobx'), type `I' and the correct
spelling (e.g., `I\hbox'). Otherwise just continue,
and I'll forget about whatever was undefined.

[34]
\openout2 = `Conclusions.aux'.

 (./Conclusions.tex
Chapter 7.
! Undefined control sequence.
l.31 same results as \texit
                           {Weighted crunching functions}. The latter are more
The control sequence at the end of the top line
of your error message was never \def'ed. If you have
misspelled it (e.g., `\hobx'), type `I' and the correct
spelling (e.g., `I\hbox'). Otherwise just continue,
and I'll forget about whatever was undefined.

[35



]

LaTeX Warning: Citation `hgs' on page 36 undefined on input line 73.


LaTeX Warning: Citation `hgs' on page 36 undefined on input line 78.

)
! Undefined control sequence.
\f@ncyolf ->\small \@shortauthor 
                                 \quad \textit {\@shorttitlePL }\strut 
l.92 \include{Conclusions}
                          
The control sequence at the end of the top line
of your error message was never \def'ed. If you have
misspelled it (e.g., `\hobx'), type `I' and the correct
spelling (e.g., `I\hbox'). Otherwise just continue,
and I'll forget about whatever was undefined.

! Undefined control sequence.
<recently read> \@shorttitlePL 
                               
l.92 \include{Conclusions}
                          
The control sequence at the end of the top line
of your error message was never \def'ed. If you have
misspelled it (e.g., `\hobx'), type `I' and the correct
spelling (e.g., `I\hbox'). Otherwise just continue,
and I'll forget about whatever was undefined.

[36]
\openout2 = `Installation.aux'.

 (./Installation.tex
Appendix A.

Underfull \hbox (badness 10000) in paragraph at lines 13--17
[][]\T1/ptm/m/n/10.95 Program ex-e-cu-tion: \T1/ptm/m/it/10.95 mvn exec:java \T
1/ptm/m/n/10.95 By de-fault the main class of the project is:
 []


Underfull \hbox (badness 2368) in paragraph at lines 13--17
\T1/ptm/m/it/10.95 ki.edu.agh.algorithm.SequentialDeteriorationEAWithOpticsClus
tering \T1/ptm/m/n/10.95 (see \T1/ptm/m/it/10.95 pom.xml \T1/ptm/m/n/10.95 for 
more
 []

) [37



]
\openout2 = `Configuration.aux'.

 (./Configuration.tex
Appendix B.
(./test-context.xml
Overfull \hbox (50.64998pt too wide) in paragraph at lines 9--10
[][][][][][][][][][][][][][][][] 
 []


Overfull \hbox (17.79971pt too wide) in paragraph at lines 10--11
[][][][][][][][][][][][][][][][][][][][][] 
 []


Overfull \hbox (11.22966pt too wide) in paragraph at lines 14--15
[][][][][][][][][][][][][][][] 
 []

[38



]
Overfull \hbox (37.50987pt too wide) in paragraph at lines 43--44
[][][][][][][][][][][][][][][][][][][][][][][][] 
 []


Overfull \hbox (30.93982pt too wide) in paragraph at lines 48--50
[][][][][][][][][][][][][][][][][][][][][] 
 []


Underfull \vbox (badness 10000) has occurred while \output is active []


! Undefined control sequence.
\f@ncyolf ->\small \@shortauthor 
                                 \quad \textit {\@shorttitlePL }\strut 
l.68     <p
           roperty name="fitnessDeterioration">
The control sequence at the end of the top line
of your error message was never \def'ed. If you have
misspelled it (e.g., `\hobx'), type `I' and the correct
spelling (e.g., `I\hbox'). Otherwise just continue,
and I'll forget about whatever was undefined.

! Undefined control sequence.
<recently read> \@shorttitlePL 
                               
l.68     <p
           roperty name="fitnessDeterioration">
The control sequence at the end of the top line
of your error message was never \def'ed. If you have
misspelled it (e.g., `\hobx'), type `I' and the correct
spelling (e.g., `I\hbox'). Otherwise just continue,
and I'll forget about whatever was undefined.

[39]
Overfull \hbox (57.22003pt too wide) in paragraph at lines 70--71
[][][][][][][][][][][][][][][][][] 
 []

))
! Undefined control sequence.
\f@ncyolf ->\small \@shortauthor 
                                 \quad \textit {\@shorttitlePL }\strut 
l.98 \include{Configuration}
                            
The control sequence at the end of the top line
of your error message was never \def'ed. If you have
misspelled it (e.g., `\hobx'), type `I' and the correct
spelling (e.g., `I\hbox'). Otherwise just continue,
and I'll forget about whatever was undefined.

! Undefined control sequence.
<recently read> \@shorttitlePL 
                               
l.98 \include{Configuration}
                            
The control sequence at the end of the top line
of your error message was never \def'ed. If you have
misspelled it (e.g., `\hobx'), type `I' and the correct
spelling (e.g., `I\hbox'). Otherwise just continue,
and I'll forget about whatever was undefined.

[40] (./document.bbl [41


])
! Undefined control sequence.
\f@ncyolf ->\small \@shortauthor 
                                 \quad \textit {\@shorttitlePL }\strut 
l.104 \end{document}
                    
The control sequence at the end of the top line
of your error message was never \def'ed. If you have
misspelled it (e.g., `\hobx'), type `I' and the correct
spelling (e.g., `I\hbox'). Otherwise just continue,
and I'll forget about whatever was undefined.

! Undefined control sequence.
<recently read> \@shorttitlePL 
                               
l.104 \end{document}
                    
The control sequence at the end of the top line
of your error message was never \def'ed. If you have
misspelled it (e.g., `\hobx'), type `I' and the correct
spelling (e.g., `I\hbox'). Otherwise just continue,
and I'll forget about whatever was undefined.

[42] (./document.aux (./Introduction.aux) (./Algorithm.aux) (./Clustering.aux)
(./FitnessDeterioration.aux) (./TestedAlgorithms.aux) (./Implementation.aux)
(./Conclusions.aux) (./Installation.aux) (./Configuration.aux))

LaTeX Warning: There were undefined references.


LaTeX Warning: There were multiply-defined labels.

 ) 
Here is how much of TeX's memory you used:
 5917 strings out of 493848
 77761 string characters out of 1152822
 160798 words of memory out of 3000000
 8958 multiletter control sequences out of 15000+50000
 90779 words of font info for 83 fonts, out of 3000000 for 9000
 714 hyphenation exceptions out of 8191
 36i,12n,45p,755b,1652s stack positions out of 5000i,500n,10000p,200000b,50000s
{/usr/share/texmf-texlive/fonts/enc/dvips/base/8r.enc}</usr/share/texmf-texli
ve/fonts/type1/public/amsfonts/cm/cmex10.pfb></usr/share/texmf-texlive/fonts/ty
pe1/public/amsfonts/cm/cmmi10.pfb></usr/share/texmf-texlive/fonts/type1/public/
amsfonts/cm/cmmi6.pfb></usr/share/texmf-texlive/fonts/type1/public/amsfonts/cm/
cmmi8.pfb></usr/share/texmf-texlive/fonts/type1/public/amsfonts/cm/cmr10.pfb></
usr/share/texmf-texlive/fonts/type1/public/amsfonts/cm/cmr6.pfb></usr/share/tex
mf-texlive/fonts/type1/public/amsfonts/cm/cmr8.pfb></usr/share/texmf-texlive/fo
nts/type1/public/amsfonts/cm/cmsy10.pfb></usr/share/texmf-texlive/fonts/type1/p
ublic/amsfonts/cm/cmsy8.pfb></usr/share/texmf-texlive/fonts/type1/public/amsfon
ts/symbols/msbm10.pfb></usr/share/texmf-texlive/fonts/type1/urw/courier/ucrr8a.
pfb></usr/share/texmf-texlive/fonts/type1/urw/helvetic/uhvb8a.pfb></usr/share/t
exmf-texlive/fonts/type1/urw/helvetic/uhvr8a.pfb></usr/share/texmf-texlive/font
s/type1/urw/times/utmb8a.pfb></usr/share/texmf-texlive/fonts/type1/urw/times/ut
mr8a.pfb></usr/share/texmf-texlive/fonts/type1/urw/times/utmr8a.pfb></usr/share
/texmf-texlive/fonts/type1/urw/times/utmri8a.pfb>
Output written on document.pdf (40 pages, 1325125 bytes).
PDF statistics:
 332 PDF objects out of 1000 (max. 8388607)
 0 named destinations out of 1000 (max. 500000)
 136 words of extra memory for PDF output out of 10000 (max. 10000000)

